Log created by Cleveridge SSH Scanner - V0.04 build 019

Checking configuration status
Tool started : 2017/08/21 - 21:16:55

Local IP : 192.168.1.10
Visible IP : 197.27.78.24
Selected Method : Scan IP's from file

Selected File : data/ssh.txt

*****************************
Scanning IP : 185.4.116.59
Port 22 (SSH) is accessible.
Stopped due to blocked by victim
Tried 1 combinations

*****************************
Scanning IP : 185.4.116.175
Port 22 (SSH) is accessible.
Stopped due to blocked by victim
Tried 1 combinations

*****************************
Scanning IP : 185.4.116.178
Port 22 (SSH) is accessible.
Stopped due to blocked by victim
Tried 1 combinations

*****************************
Scanning IP : 185.4.116.176
Port 22 (SSH) is accessible.
Stopped due to blocked by victim
Tried 1 combinations

*****************************
Scanning IP : 185.4.116.177
Port 22 (SSH) is accessible.
Stopped due to blocked by victim
Tried 1 combinations

*****************************
Scanning IP : 185.4.116.196
Port 22 (SSH) is accessible.
Stopped due to blocked by victim
Tried 1 combinations

*****************************
Scanning IP : 185.4.116.197
Port 22 (SSH) is accessible.
Stopped due to blocked by victim
Tried 1 combinations

*****************************
Scanning IP : 185.4.116.208
Port 22 (SSH) is accessible.
